Arguments: 
  C:\Program Files\nodejs\node.exe C:\Users\baluteju\AppData\Roaming\npm\node_modules\yarn\bin\yarn.js install

PATH: 
  C:\cmder\bin;C:\cmder\vendor\conemu-maximus5\ConEmu\Scripts;C:\cmder\vendor\conemu-maximus5;C:\cmder\vendor\conemu-maximus5\ConEmu;C:\WINDOWS\system32;C:\WINDOWS;C:\WINDOWS\System32\Wbem;C:\WINDOWS\System32\WindowsPowerShell\v1.0\;C:\Program Files\nodejs\;C:\Program Files\PuTTY\;C:\Program Files\Git\cmd;C:\Program Files (x86)\Skype\Phone\;C:\Program Files\MongoDB\Server\3.4\bin;C:\Users\baluteju\AppData\Local\Microsoft\WindowsApps;C:\Users\baluteju\AppData\Roaming\npm;C:\Program Files\Git\usr\bin;C:\Program Files\Git\usr\share\vim\vim74;C:\cmder\

Yarn version: 
  0.27.5

Node version: 
  6.11.1

Platform: 
  win32 x64

npm manifest: 
  {
    "name": "questionnaire",
    "version": "0.0.0",
    "license": "MIT",
    "scripts": {
      "ng": "ng",
      "start": "ng serve",
      "build": "ng build",
      "test": "ng test",
      "lint": "ng lint",
      "e2e": "ng e2e"
    },
    "private": true,
    "dependencies": {
      "@angular/animations": "^4.0.0",
      "@angular/common": "^4.0.0",
      "@angular/compiler": "^4.0.0",
      "@angular/core": "^4.0.0",
      "@angular/forms": "^4.0.0",
      "@angular/http": "^4.0.0",
      "@angular/platform-browser": "^4.0.0",
      "@angular/platform-browser-dynamic": "^4.0.0",
      "@angular/router": "^4.0.0",
      "core-js": "^2.4.1",
      "rxjs": "^5.1.0",
      "zone.js": "^0.8.4"
    },
    "devDependencies": {
      "@angular/cli": "1.2.1",
      "@angular/compiler-cli": "^4.0.0",
      "@angular/language-service": "^4.0.0",
      "@types/jasmine": "~2.5.53",
      "@types/jasminewd2": "~2.0.2",
      "@types/node": "~6.0.60",
      "codelyzer": "~3.0.1",
      "jasmine-core": "~2.6.2",
      "jasmine-spec-reporter": "~4.1.0",
      "karma": "~1.7.0",
      "karma-chrome-launcher": "~2.1.1",
      "karma-cli": "~1.0.1",
      "karma-coverage-istanbul-reporter": "^1.2.1",
      "karma-jasmine": "~1.1.0",
      "karma-jasmine-html-reporter": "^0.2.2",
      "protractor": "~5.1.2",
      "ts-node": "~3.0.4",
      "tslint": "~5.3.2",
      "typescript": "~2.3.3"
    }
  }

yarn manifest: 
  No manifest

Lockfile: 
  No lockfile

Trace: 
  Error: write EPIPE
      at exports._errnoException (util.js:1018:11)
      at Socket._writeGeneric (net.js:711:26)
      at Socket._write (net.js:730:8)
      at doWrite (_stream_writable.js:331:12)
      at writeOrBuffer (_stream_writable.js:317:5)
      at Socket.Writable.write (_stream_writable.js:243:11)
      at Socket.write (net.js:657:40)
      at ConsoleReporter._log (C:\Users\baluteju\AppData\Roaming\npm\node_modules\yarn\lib\reporters\console\console-reporter.js:192:17)
      at ConsoleReporter._logCategory (C:\Users\baluteju\AppData\Roaming\npm\node_modules\yarn\lib\reporters\console\console-reporter.js:89:10)
      at ConsoleReporter.info (C:\Users\baluteju\AppData\Roaming\npm\node_modules\yarn\lib\reporters\console\console-reporter.js:205:10)
